<?xml version="1.0" encoding="UTF-8"?>
<testsuite name="hello.HelloTest" tests="2" skipped="0" failures="0" errors="0" timestamp="2017-10-09T13:17:22" hostname="tc405-009-05.insa-lyon.fr" time="0.066">
  <properties/>
  <testcase name="check_null" classname="hello.HelloTest" time="0.063"/>
  <testcase name="check" classname="hello.HelloTest" time="0.003"/>
  <system-out><![CDATA[]]></system-out>
  <system-err><![CDATA[]]></system-err>
</testsuite>
